<?xml version="1.0" encoding="UTF-8"?>
<testng-results ignored="0" total="1" passed="1" failed="0" skipped="0">
  <reporter-output>
  </reporter-output>
  <suite started-at="2023-03-28T17:10:09 IST" name="Default suite" finished-at="2023-03-28T17:10:19 IST" duration-ms="10270">
    <groups>
    </groups>
    <test started-at="2023-03-28T17:10:09 IST" name="Default test" finished-at="2023-03-28T17:10:19 IST" duration-ms="10270">
      <class name="ffff.JS_Executer">
        <test-method is-config="true" signature="test()[pri:0, instance:ffff.JS_Executer@1eb5174b]" started-at="2023-03-28T17:10:09 IST" name="test" finished-at="2023-03-28T17:10:13 IST" duration-ms="3875" status="PASS">
          <reporter-output>
          </reporter-output>
        </test-method> <!-- test -->
        <test-method signature="test2()[pri:0, instance:ffff.JS_Executer@1eb5174b]" started-at="2023-03-28T17:10:13 IST" name="test2" finished-at="2023-03-28T17:10:19 IST" duration-ms="5896" status="PASS">
          <reporter-output>
          </reporter-output>
        </test-method> <!-- test2 -->
        <test-method is-config="true" signature="closebrowser()[pri:0, instance:ffff.JS_Executer@1eb5174b]" started-at="2023-03-28T17:10:19 IST" name="closebrowser" finished-at="2023-03-28T17:10:19 IST" duration-ms="439" status="PASS">
          <reporter-output>
          </reporter-output>
        </test-method> <!-- closebrowser -->
      </class> <!-- ffff.JS_Executer -->
    </test> <!-- Default test -->
  </suite> <!-- Default suite -->
</testng-results>
